<?xml version="1.0" encoding="UTF-8"?>
<!-- Generated by org.testng.reporters.JUnitXMLReporter -->
<testsuite ignored="0" hostname="DESKTOP-QPJAVDM" failures="0" tests="2" name="Login" time="23.807" errors="0" timestamp="2025-05-07T20:46:00 EEST">
  <testcase classname="Automation_Project.Automation_Exercises.tests.LoginTests" name="testAllLoginScenario" time="8.517"/>
  <testcase classname="Automation_Project.Automation_Exercises.tests.LoginTests" name="testAllLoginScenario" time="11.626"/>
</testsuite> <!-- Login -->
