<?xml version="1.0" encoding="UTF-8"?>
<!-- Generated by org.testng.reporters.JUnitXMLReporter -->
<testsuite ignored="0" hostname="DESKTOP-QPJAVDM" failures="0" tests="2" name="Register" time="90.309" errors="0" timestamp="2025-05-07T20:45:36 EEST">
  <testcase classname="Automation_Project.Automation_Exercises.tests.RegisterTests" name="testAARegister" time="79.258"/>
  <testcase classname="Automation_Project.Automation_Exercises.tests.RegisterTests" name="testAARegister" time="5.509"/>
</testsuite> <!-- Register -->
