<?xml version="1.0" encoding="UTF-8"?>
<!-- Generated by org.testng.reporters.JUnitXMLReporter -->
<testsuite ignored="0" hostname="DESKTOP-0C9NHLU" failures="1" tests="1" name="TestRegisterTests" time="4.197" errors="0" timestamp="٢٠٢٥-٠٥-٠٥T٠٠:٢٨:٥٦ EEST">
  <testcase classname="Automation_Project.Automation_Exercises.tests.RegisterTests" name="testAARegister" time="0.056">
    <failure type="org.testng.internal.reflect.MethodMatcherException" message="
[public void Automation_Project.Automation_Exercises.tests.RegisterTests.testAARegister(java.lang.String,java.lang.String,java.lang.String,java.lang.String,java.lang.String,java.lang.String,java.lang.String,java.lang.String,java.lang.String,java.lang.String,java.lang.String,java.lang.String,java.lang.String,java.lang.String,java.lang.String,java.lang.String) throws java.lang.InterruptedException] has no parameters defined but was found to be using a data provider (either explicitly specified or inherited from class level annotation).
Data provider mismatch
Method: testAARegister([java.lang.String arg0, java.lang.String arg1, java.lang.String arg2, java.lang.String arg3, java.lang.String arg4, java.lang.String arg5, java.lang.String arg6, java.lang.String arg7, java.lang.String arg8, java.lang.String arg9, java.lang.String arg10, java.lang.String arg11, java.lang.String arg12, java.lang.String arg13, java.lang.String arg14, java.lang.String arg15])
Arguments: [(java.lang.String) Automation Exercise ,(java.lang.String) Automation Exercise@gmail.com,(java.lang.String) 1.23456789E8,(java.lang.String) 25.0,(java.lang.String) 12.0,(java.lang.String) 2002.0,(java.lang.String) Automation,(java.lang.String) Exercise,(java.lang.String) Itworx,(java.lang.String) Fostat City,(java.lang.String) United States,(java.lang.String) aaa,(java.lang.String) bbb,(java.lang.String) 123456.0,(java.lang.String) 1.12345678E8]">
      <![CDATA[org.testng.internal.reflect.MethodMatcherException: 
[public void Automation_Project.Automation_Exercises.tests.RegisterTests.testAARegister(java.lang.String,java.lang.String,java.lang.String,java.lang.String,java.lang.String,java.lang.String,java.lang.String,java.lang.String,java.lang.String,java.lang.String,java.lang.String,java.lang.String,java.lang.String,java.lang.String,java.lang.String,java.lang.String) throws java.lang.InterruptedException] has no parameters defined but was found to be using a data provider (either explicitly specified or inherited from class level annotation).
Data provider mismatch
Method: testAARegister([java.lang.String arg0, java.lang.String arg1, java.lang.String arg2, java.lang.String arg3, java.lang.String arg4, java.lang.String arg5, java.lang.String arg6, java.lang.String arg7, java.lang.String arg8, java.lang.String arg9, java.lang.String arg10, java.lang.String arg11, java.lang.String arg12, java.lang.String arg13, java.lang.String arg14, java.lang.String arg15])
Arguments: [(java.lang.String) Automation Exercise ,(java.lang.String) Automation Exercise@gmail.com,(java.lang.String) 1.23456789E8,(java.lang.String) 25.0,(java.lang.String) 12.0,(java.lang.String) 2002.0,(java.lang.String) Automation,(java.lang.String) Exercise,(java.lang.String) Itworx,(java.lang.String) Fostat City,(java.lang.String) United States,(java.lang.String) aaa,(java.lang.String) bbb,(java.lang.String) 123456.0,(java.lang.String) 1.12345678E8]
at java.base/java.util.ArrayList.forEach(ArrayList.java:1597)
... Removed 22 stack frames]]>
    </failure>
  </testcase> <!-- testAARegister -->
</testsuite> <!-- TestRegisterTests -->
